
ene. 09, 2022 10:56:38 P. M. baseDatos.BD generarLog
INFO: Conexión abierta con simulacion.bd
ene. 09, 2022 10:56:38 P. M. baseDatos.BD generarLog
INFO: SELECT * FROM usuario;
ene. 09, 2022 10:56:49 P. M. baseDatos.BD generarLog
INFO: INSERT INTO simulacion VALUES('09/01/2022 22:56:48',1381,'EXITO','11111111A');
ene. 09, 2022 10:56:49 P. M. baseDatos.BD generarLog
INFO: SELECT * FROM simulacion WHERE dni ='11111111A';
ene. 09, 2022 11:16:10 P. M. baseDatos.BD generarLog
INFO: Conexión abierta con simulacion.bd
ene. 09, 2022 11:16:10 P. M. baseDatos.BD generarLog
INFO: SELECT * FROM usuario;
ene. 09, 2022 11:16:22 P. M. baseDatos.BD generarLog
INFO: INSERT INTO simulacion VALUES('09/01/2022 23:16:20',1781,'EXITO','11111111A');
ene. 09, 2022 11:16:22 P. M. baseDatos.BD generarLog
INFO: SELECT * FROM simulacion WHERE dni ='11111111A';
ene. 09, 2022 11:20:18 P. M. baseDatos.BD generarLog
INFO: Conexión abierta con simulacion.bd
ene. 09, 2022 11:20:18 P. M. baseDatos.BD generarLog
INFO: SELECT * FROM usuario;
ene. 09, 2022 11:20:28 P. M. baseDatos.BD generarLog
INFO: INSERT INTO simulacion VALUES('09/01/2022 23:20:26',1199,'EXITO','11111111A');
ene. 09, 2022 11:20:28 P. M. baseDatos.BD generarLog
INFO: SELECT * FROM simulacion WHERE dni ='11111111A';
ene. 09, 2022 11:21:53 P. M. baseDatos.BD generarLog
INFO: Conexión abierta con simulacion.bd
ene. 09, 2022 11:21:53 P. M. baseDatos.BD generarLog
INFO: SELECT * FROM usuario;
ene. 09, 2022 11:22:09 P. M. baseDatos.BD generarLog
INFO: INSERT INTO simulacion VALUES('09/01/2022 23:22:03',6725,'EXITO','11111111A');
ene. 09, 2022 11:22:09 P. M. baseDatos.BD generarLog
INFO: SELECT * FROM simulacion WHERE dni ='11111111A';
ene. 09, 2022 11:22:52 P. M. baseDatos.BD generarLog
INFO: Conexión abierta con simulacion.bd
ene. 09, 2022 11:22:52 P. M. baseDatos.BD generarLog
INFO: SELECT * FROM usuario;
ene. 09, 2022 11:24:05 P. M. baseDatos.BD generarLog
INFO: Conexión abierta con simulacion.bd
ene. 09, 2022 11:24:05 P. M. baseDatos.BD generarLog
INFO: SELECT * FROM usuario;
ene. 09, 2022 11:24:14 P. M. baseDatos.BD generarLog
INFO: INSERT INTO simulacion VALUES('09/01/2022 23:24:12',1122,'EXITO','11111111A');
ene. 09, 2022 11:24:14 P. M. baseDatos.BD generarLog
INFO: SELECT * FROM simulacion WHERE dni ='11111111A';
ene. 09, 2022 11:24:43 P. M. baseDatos.BD generarLog
INFO: Conexión abierta con simulacion.bd
ene. 09, 2022 11:24:43 P. M. baseDatos.BD generarLog
INFO: SELECT * FROM usuario;
ene. 09, 2022 11:38:19 P. M. baseDatos.BD generarLog
INFO: Conexión abierta con simulacion.bd
ene. 09, 2022 11:38:19 P. M. baseDatos.BD generarLog
INFO: SELECT * FROM usuario;
ene. 09, 2022 11:40:10 P. M. baseDatos.BD generarLog
INFO: Conexión abierta con simulacion.bd
ene. 09, 2022 11:40:10 P. M. baseDatos.BD generarLog
INFO: SELECT * FROM usuario;
ene. 09, 2022 11:40:53 P. M. baseDatos.BD generarLog
INFO: Conexión abierta con simulacion.bd
ene. 09, 2022 11:40:53 P. M. baseDatos.BD generarLog
INFO: SELECT * FROM usuario;
ene. 09, 2022 11:41:26 P. M. baseDatos.BD generarLog
INFO: INSERT INTO simulacion VALUES('09/01/2022 23:41:05',20949,'EXITO','11111111A');
ene. 09, 2022 11:41:26 P. M. baseDatos.BD generarLog
INFO: SELECT * FROM simulacion WHERE dni ='11111111A';
ene. 09, 2022 11:43:42 P. M. baseDatos.BD generarLog
INFO: Conexión abierta con simulacion.bd
ene. 09, 2022 11:43:42 P. M. baseDatos.BD generarLog
INFO: SELECT * FROM usuario;
ene. 09, 2022 11:46:09 P. M. baseDatos.BD generarLog
INFO: Conexión abierta con simulacion.bd
ene. 09, 2022 11:46:09 P. M. baseDatos.BD generarLog
INFO: SELECT * FROM usuario;
ene. 09, 2022 11:48:23 P. M. baseDatos.BD generarLog
INFO: Conexión abierta con simulacion.bd
ene. 09, 2022 11:48:23 P. M. baseDatos.BD generarLog
INFO: SELECT * FROM usuario;
ene. 09, 2022 11:49:11 P. M. baseDatos.BD generarLog
INFO: Conexión abierta con simulacion.bd
ene. 09, 2022 11:49:11 P. M. baseDatos.BD generarLog
INFO: SELECT * FROM usuario;
ene. 09, 2022 11:49:42 P. M. baseDatos.BD generarLog
INFO: Conexión abierta con simulacion.bd
ene. 09, 2022 11:49:42 P. M. baseDatos.BD generarLog
INFO: SELECT * FROM usuario;
ene. 09, 2022 11:49:56 P. M. baseDatos.BD generarLog
INFO: INSERT INTO simulacion VALUES('09/01/2022 23:49:50',6107,'EXITO','11111111A');
ene. 09, 2022 11:49:56 P. M. baseDatos.BD generarLog
INFO: SELECT * FROM simulacion WHERE dni ='11111111A';
ene. 09, 2022 11:53:40 P. M. baseDatos.BD generarLog
INFO: Conexión abierta con simulacion.bd
ene. 09, 2022 11:53:40 P. M. baseDatos.BD generarLog
INFO: SELECT * FROM usuario;
ene. 09, 2022 11:58:17 P. M. baseDatos.BD generarLog
INFO: Conexión abierta con simulacion.bd
ene. 09, 2022 11:58:17 P. M. baseDatos.BD generarLog
INFO: SELECT * FROM usuario;
ene. 09, 2022 11:59:11 P. M. baseDatos.BD generarLog
INFO: Conexión abierta con simulacion.bd
ene. 09, 2022 11:59:11 P. M. baseDatos.BD generarLog
INFO: SELECT * FROM usuario;
